<?xml version="1.0" encoding="UTF-8" ?>
<testsuite failures="0" time="204.291" errors="0" skipped="0" tests="10" name="webdriver.groovydsl.UserActionsTest">
  <properties>
[...]
</properties>
  <testcase time="68.712" classname="webdriver.groovydsl.UserActionsTest" name="testBasicDsl"/>
  <testcase time="10.318" classname="webdriver.groovydsl.UserActionsTest" name="testTyping"/>
  <testcase time="11.373" classname="webdriver.groovydsl.UserActionsTest" name="testTypingAndClick"/>
  <testcase time="14.356" classname="webdriver.groovydsl.UserActionsTest" name="testTypingAndClickAndPageContains"/>
  <testcase time="10.62" classname="webdriver.groovydsl.UserActionsTest" name="testClickLink"/>
  <testcase time="7.415" classname="webdriver.groovydsl.UserActionsTest" name="testMarkedButton"/>
  <testcase time="10.881" classname="webdriver.groovydsl.UserActionsTest" name="testAfterPause"/>
  <testcase time="24.156" classname="webdriver.groovydsl.UserActionsTest" name="testComboBox"/>
  <testcase time="8.77" classname="webdriver.groovydsl.UserActionsTest" name="testGetLineNumbers"/>
  <testcase time="25.148" classname="webdriver.groovydsl.UserActionsTest" name="testLocationNarrowingRightOf"/>
</testsuite>