<?xml version="1.0" encoding="UTF-8" ?>
<testsuite failures="0" time="103.191" errors="0" skipped="0" tests="9" name="webdriver.groovydsl.UserActionsTest">
  <properties>
[...]
</properties>
  <testcase time="20.806" classname="webdriver.groovydsl.UserActionsTest" name="testBasicDsl"/>
  <testcase time="6.582" classname="webdriver.groovydsl.UserActionsTest" name="testTyping"/>
  <testcase time="6.184" classname="webdriver.groovydsl.UserActionsTest" name="testTypingAndClick"/>
  <testcase time="17.994" classname="webdriver.groovydsl.UserActionsTest" name="testTypingAndClickAndPageContains"/>
  <testcase time="6.509" classname="webdriver.groovydsl.UserActionsTest" name="testClickLink"/>
  <testcase time="11.852" classname="webdriver.groovydsl.UserActionsTest" name="testAfterPause"/>
  <testcase time="7.573" classname="webdriver.groovydsl.UserActionsTest" name="testComboBox"/>
  <testcase time="6.155" classname="webdriver.groovydsl.UserActionsTest" name="testGetLineNumbers"/>
  <testcase time="12.121" classname="webdriver.groovydsl.UserActionsTest" name="testLocationNarrowingRightOf"/>
</testsuite>